<?xml version="1.0" encoding="UTF-8"?>
<testng-results ignored="0" total="3" passed="3" failed="0" skipped="0">
  <reporter-output>
  </reporter-output>
  <suite started-at="2023-07-25T11:00:08 IST" name="Default suite" finished-at="2023-07-25T11:00:32 IST" duration-ms="23290">
    <groups>
    </groups>
    <test started-at="2023-07-25T11:00:08 IST" name="Default test" finished-at="2023-07-25T11:00:32 IST" duration-ms="23290">
      <class name="com.p.Google">
        <test-method is-config="true" signature="launchbrowser()[pri:0, instance:com.p.Google@8519cb4]" started-at="2023-07-25T11:00:03 IST" name="launchbrowser" finished-at="2023-07-25T11:00:08 IST" duration-ms="4981" status="PASS">
          <reporter-output>
          </reporter-output>
        </test-method> <!-- launchbrowser -->
        <test-method signature="opengoogle()[pri:0, instance:com.p.Google@8519cb4]" started-at="2023-07-25T11:00:08 IST" name="opengoogle" finished-at="2023-07-25T11:00:11 IST" duration-ms="2599" status="PASS">
          <reporter-output>
          </reporter-output>
        </test-method> <!-- opengoogle -->
        <test-method signature="openyahoo()[pri:0, instance:com.p.Google@8519cb4]" started-at="2023-07-25T11:00:11 IST" name="openyahoo" finished-at="2023-07-25T11:00:19 IST" duration-ms="8330" status="PASS">
          <reporter-output>
          </reporter-output>
        </test-method> <!-- openyahoo -->
        <test-method signature="openyoutube()[pri:0, instance:com.p.Google@8519cb4]" started-at="2023-07-25T11:00:19 IST" name="openyoutube" finished-at="2023-07-25T11:00:32 IST" duration-ms="12239" status="PASS">
          <reporter-output>
          </reporter-output>
        </test-method> <!-- openyoutube -->
        <test-method is-config="true" signature="closebrowser()[pri:0, instance:com.p.Google@8519cb4]" started-at="2023-07-25T11:00:32 IST" name="closebrowser" finished-at="2023-07-25T11:00:32 IST" duration-ms="551" status="PASS">
          <reporter-output>
          </reporter-output>
        </test-method> <!-- closebrowser -->
      </class> <!-- com.p.Google -->
    </test> <!-- Default test -->
  </suite> <!-- Default suite -->
</testng-results>
